[debug] [2023-04-28T23:50:30.416Z] ----------------------------------------------------------------------
[debug] [2023-04-28T23:50:30.418Z] Command:       A:\Ferramentas\Node.js\node.exe C:\Users\emanu\AppData\Roaming\npm\node_modules\firebase-tools\lib\bin\firebase.js init
[debug] [2023-04-28T23:50:30.419Z] CLI Version:   11.29.1
[debug] [2023-04-28T23:50:30.419Z] Platform:      win32
[debug] [2023-04-28T23:50:30.419Z] Node Version:  v16.18.0
[debug] [2023-04-28T23:50:30.420Z] Time:          Fri Apr 28 2023 20:50:30 GMT-0300 (Horário Padrão de Brasília)
[debug] [2023-04-28T23:50:30.421Z] ----------------------------------------------------------------------
[debug] 
[debug] [2023-04-28T23:50:30.429Z] > command requires scopes: ["email","openid","https://www.googleapis.com/auth/cloudplatformprojects.readonly","https://www.googleapis.com/auth/firebase","https://www.googleapis.com/auth/cloud-platform"]
[debug] [2023-04-28T23:50:30.430Z] > authorizing via signed-in user (emanuelguilhermedassoares@gmail.com)
[info] 
     ######## #### ########  ######## ########     ###     ######  ########
     ##        ##  ##     ## ##       ##     ##  ##   ##  ##       ##
     ######    ##  ########  ######   ########  #########  ######  ######
     ##        ##  ##    ##  ##       ##     ## ##     ##       ## ##
     ##       #### ##     ## ######## ########  ##     ##  ######  ########

You're about to initialize a Firebase project in this directory:

  A:\Documentos\Faculdade\Laboratorio de Framework\EazyChat

[info] 
=== Project Setup
[info] 
[info] First, let's associate this project directory with a Firebase project.
[info] You can create multiple project aliases by running firebase use --add, 
[info] but for now we'll just set up a default project.
[info] 
[debug] [2023-04-28T23:51:00.289Z] >>> [apiv2][query] GET https://firebase.googleapis.com/v1beta1/projects pageSize=100
[debug] [2023-04-28T23:51:00.987Z] <<< [apiv2][status] GET https://firebase.googleapis.com/v1beta1/projects 200
[debug] [2023-04-28T23:51:00.988Z] <<< [apiv2][body] GET https://firebase.googleapis.com/v1beta1/projects [omitted]
[info] i  Using project eazy-chat-b5c7a (Eazy-Chat) 
[info] 
=== Hosting Setup
[info] 
[info] Your public directory is the folder (relative to your project directory) that
[info] will contain Hosting assets to be uploaded with firebase deploy. If you
[info] have a build process for your assets, use your build's output directory.
[info] 
[info] +  Wrote build/404.html 
[debug] [2023-04-28T23:51:49.210Z] >>> [apiv2][query] GET https://www.gstatic.com/firebasejs/releases.json [none]
[debug] [2023-04-28T23:51:49.295Z] <<< [apiv2][status] GET https://www.gstatic.com/firebasejs/releases.json 200
[debug] [2023-04-28T23:51:49.296Z] <<< [apiv2][body] GET https://www.gstatic.com/firebasejs/releases.json {"current":{"version":"9.21.0","browserURL":"https://www.gstatic.com/firebasejs/9.21.0/firebase.js","packageURL":"https://www.gstatic.com/firebasejs/9.21.0/firebase.tgz"},"live":{"version":"9.21","browserURL":"https://www.gstatic.com/firebasejs/live/9.21/firebase.js","packageURL":"https://www.gstatic.com/firebasejs/live/9.21/firebase.tgz"},"components":{"analytics":"https://www.gstatic.com/firebasejs/9.21.0/firebase-analytics.js","app":"https://www.gstatic.com/firebasejs/9.21.0/firebase-app.js","app-check":"https://www.gstatic.com/firebasejs/9.21.0/firebase-app-check.js","auth":"https://www.gstatic.com/firebasejs/9.21.0/firebase-auth.js","auth/cordova":"https://www.gstatic.com/firebasejs/9.21.0/firebase-auth/cordova.js","auth/react-native":"https://www.gstatic.com/firebasejs/9.21.0/firebase-auth/react-native.js","functions":"https://www.gstatic.com/firebasejs/9.21.0/firebase-functions.js","firestore":"https://www.gstatic.com/firebasejs/9.21.0/firebase-firestore.js","firestore/lite":"https://www.gstatic.com/firebasejs/9.21.0/firebase-firestore/lite.js","installations":"https://www.gstatic.com/firebasejs/9.21.0/firebase-installations.js","storage":"https://www.gstatic.com/firebasejs/9.21.0/firebase-storage.js","performance":"https://www.gstatic.com/firebasejs/9.21.0/firebase-performance.js","remote-config":"https://www.gstatic.com/firebasejs/9.21.0/firebase-remote-config.js","messaging":"https://www.gstatic.com/firebasejs/9.21.0/firebase-messaging.js","messaging/sw":"https://www.gstatic.com/firebasejs/9.21.0/firebase-messaging/sw.js","database":"https://www.gstatic.com/firebasejs/9.21.0/firebase-database.js","firestore.memory":"https://www.gstatic.com/firebasejs/9.21.0/firebase-firestore.memory.js"}}
[info] +  Wrote build/index.html 
[info] 
[info] i  Detected a .git folder at A:\Documentos\Faculdade\Laboratorio de Framework\EazyChat 
[info] i  Authorizing with GitHub to upload your service account to a GitHub repository's secrets store. 
[info] 
[info] Visit this URL on this device to log in:
[info] https://github.com/login/oauth/authorize?client_id=89cf50f02ac6aaed3484&state=623922342&redirect_uri=http%3A%2F%2Flocalhost%3A9005&scope=read%3Auser%20repo%20public_repo
[info] 
[info] Waiting for authentication...
[debug] [2023-04-28T23:52:02.755Z] >>> [apiv2][query] POST https://github.com/login/oauth/access_token [none]
[debug] [2023-04-28T23:52:02.756Z] >>> [apiv2][body] POST https://github.com/login/oauth/access_token [stream]
[debug] [2023-04-28T23:52:03.043Z] <<< [apiv2][status] POST https://github.com/login/oauth/access_token 200
[debug] [2023-04-28T23:52:03.043Z] <<< [apiv2][body] POST https://github.com/login/oauth/access_token {"access_token":"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","token_type":"bearer","scope":"read:user,repo"}
[debug] [2023-04-28T23:52:03.058Z] >>> [apiv2][query] GET https://api.github.com/user [none]
[debug] [2023-04-28T23:52:03.320Z] <<< [apiv2][status] GET https://api.github.com/user 200
[debug] [2023-04-28T23:52:03.320Z] <<< [apiv2][body] GET https://api.github.com/user {"login":"EmanuelGSoares","id":66498641,"node_id":"MDQ6VXNlcjY2NDk4NjQx","avatar_url":"https://avatars.githubusercontent.com/u/66498641?v=4","gravatar_id":"","url":"https://api.github.com/users/EmanuelGSoares","html_url":"https://github.com/EmanuelGSoares","followers_url":"https://api.github.com/users/EmanuelGSoares/followers","following_url":"https://api.github.com/users/EmanuelGSoares/following{/other_user}","gists_url":"https://api.github.com/users/EmanuelGSoares/gists{/gist_id}","starred_url":"https://api.github.com/users/EmanuelGSoares/starred{/owner}{/repo}","subscriptions_url":"https://api.github.com/users/EmanuelGSoares/subscriptions","organizations_url":"https://api.github.com/users/EmanuelGSoares/orgs","repos_url":"https://api.github.com/users/EmanuelGSoares/repos","events_url":"https://api.github.com/users/EmanuelGSoares/events{/privacy}","received_events_url":"https://api.github.com/users/EmanuelGSoares/received_events","type":"User","site_admin":false,"name":"Emanuel G.S. Soares","company":null,"blog":"","location":null,"email":null,"hireable":null,"bio":null,"twitter_username":null,"public_repos":5,"public_gists":0,"followers":0,"following":0,"created_at":"2020-06-05T22:59:09Z","updated_at":"2023-04-28T23:51:57Z","private_gists":0,"total_private_repos":0,"owned_private_repos":0,"disk_usage":137,"collaborators":0,"two_factor_authentication":false,"plan":{"name":"free","space":976562499,"collaborators":0,"private_repos":10000}}
[info] 
[info] +  Success! Logged into GitHub as EmanuelGSoares 
[info] 
